<?xml version="1.0" encoding="UTF-8" ?>
<testsuite tests="6" failures="0" name="zad1.ExampleTest" time="0.007" errors="0" skipped="0">
  <properties>
[...]
</properties>
  <testcase classname="zad1.ExampleTest" name="ExampleTest2" time="0.007"/>
  <testcase classname="zad1.ExampleTest" name="ExampleTest3" time="0"/>
  <testcase classname="zad1.ExampleTest" name="ExampleTest4" time="0"/>
  <testcase classname="zad1.ExampleTest" name="ExampleTest5" time="0"/>
  <testcase classname="zad1.ExampleTest" name="ExampleTest6" time="0"/>
  <testcase classname="zad1.ExampleTest" name="ExampleTest7" time="0"/>
</testsuite>